C51 COMPILER V9.59.0.0   TIMER                                                             03/08/2019 22:42:46 PAGE 1   


C51 COMPILER V9.59.0.0, COMPILATION OF MODULE TIMER
OBJECT MODULE PLACED IN .\Objects\timer.obj
COMPILER INVOKED BY: C:\Keil_v5\C51\BIN\C51.EXE timer.c OPTIMIZE(8,SPEED) BROWSE DEBUG OBJECTEXTEND PRINT(.\Listings\tim
                    -er.lst) TABS(2) OBJECT(.\Objects\timer.obj)

line level    source

   1          #include<reg52.h>
   2          
   3          void ms_delay();
   4          
   5          void main()
   6          {
   7   1        
   8   1        TMOD=0X01;
   9   1        while(1)
  10   1        {
  11   2          P1=0XFF;
  12   2          ms_delay();
  13   2          P1=0X00;
  14   2          ms_delay();
  15   2        }
  16   1      }
  17          
  18          void ms_delay()
  19          {
  20   1        TL0=0x00;
  21   1        TH0=0x0EE;
  22   1        TR0=1;
  23   1        while(!TF0);
  24   1        TR0=0;
  25   1        TF0=0;
  26   1      }


MODULE INFORMATION:   STATIC OVERLAYABLE
   CODE SIZE        =     33    ----
   CONSTANT SIZE    =   ----    ----
   XDATA SIZE       =   ----    ----
   PDATA SIZE       =   ----    ----
   DATA SIZE        =   ----    ----
   IDATA SIZE       =   ----    ----
   BIT SIZE         =   ----    ----
END OF MODULE INFORMATION.


C51 COMPILATION COMPLETE.  0 WARNING(S),  0 ERROR(S)
