C51 COMPILER V9.59.0.0   LED_BLINKING                                                      03/07/2019 16:38:38 PAGE 1   


C51 COMPILER V9.59.0.0, COMPILATION OF MODULE LED_BLINKING
OBJECT MODULE PLACED IN .\Objects\led_blinking.obj
COMPILER INVOKED BY: C:\Keil_v5\C51\BIN\C51.EXE led_blinking.c OPTIMIZE(8,SPEED) BROWSE DEBUG OBJECTEXTEND PRINT(.\Listi
                    -ngs\led_blinking.lst) TABS(2) OBJECT(.\Objects\led_blinking.obj)

line level    source

   1          #include<reg52.h>
   2          
   3          void ms_delay(unsigned int time);
   4          
   5          void main()
   6          {
   7   1        while(1)
   8   1        {
   9   2          P1=0x0ff;             //turn on the led
  10   2          ms_delay(1000);       //generate delay of 1 second
  11   2          P1=0x00;              //turn off the led
  12   2          ms_delay(1000);       //generate delay of 1 second
  13   2        }
  14   1      }
  15          
  16          void ms_delay(unsigned int time)
  17          {
  18   1        unsigned int i,j;
  19   1        for(i=0;i<time;i++)
  20   1        {
  21   2          for(j=0;j<113;j++);     //generate delay of 1 micro second
  22   2        }
  23   1      }


MODULE INFORMATION:   STATIC OVERLAYABLE
   CODE SIZE        =     54    ----
   CONSTANT SIZE    =   ----    ----
   XDATA SIZE       =   ----    ----
   PDATA SIZE       =   ----    ----
   DATA SIZE        =   ----    ----
   IDATA SIZE       =   ----    ----
   BIT SIZE         =   ----    ----
END OF MODULE INFORMATION.


C51 COMPILATION COMPLETE.  0 WARNING(S),  0 ERROR(S)
