A51 MACRO ASSEMBLER  LED_BLINKING                                                         03/07/2019 21:24:15 PAGE     1


MACRO ASSEMBLER A51 V8.2.7.0
OBJECT MODULE PLACED IN .\Objects\led_blinking.obj
ASSEMBLER INVOKED BY: C:\Keil_v5\C51\BIN\A51.EXE led_blinking.asm SET(SMALL) DEBUG PRINT(.\Listings\led_blinking.lst) OB
                      JECT(.\Objects\led_blinking.obj) EP

LOC  OBJ            LINE     SOURCE

0000                   1     ORG 00h         ;the org directive is used to indicate the beginning of address
                       2     
                       3     
0000 7590FF            4     HERE:    MOV P1,#0FFH     ;LED P1 IS TURNED ON 
0003 12000E            5              LCALL DELAY
0006 759000            6                      MOV P1,#00H
0009 12000E            7                      LCALL DELAY
000C 80F2              8                      SJMP HERE
                       9                      
                      10     ;DELAY=2*7*255*255*1.085=1s
000E 7807             11     DELAY:   MOV R0,#07
0010 79FF             12     HERE3:   MOV R1,#255
0012 7AFF             13     HERE2:   MOV R2,#255
0014 DAFE             14     HERE1:   DJNZ R2,HERE1
0016 D9FA             15              DJNZ R1,HERE2
0018 D8F6             16                      DJNZ R0,HERE3
                      17                      
001A 22               18                      RET
                      19     
                      20      END
A51 MACRO ASSEMBLER  LED_BLINKING                                                         03/07/2019 21:24:15 PAGE     2

SYMBOL TABLE LISTING
------ ----- -------


N A M E             T Y P E  V A L U E   ATTRIBUTES

DELAY. . . . . . .  C ADDR   000EH   A   
HERE . . . . . . .  C ADDR   0000H   A   
HERE1. . . . . . .  C ADDR   0014H   A   
HERE2. . . . . . .  C ADDR   0012H   A   
HERE3. . . . . . .  C ADDR   0010H   A   
P1 . . . . . . . .  D ADDR   0090H   A   


REGISTER BANK(S) USED: 0 


ASSEMBLY COMPLETE.  0 WARNING(S), 0 ERROR(S)
